Determining if the pthread_create exist failed with the following output:
Change Dir: /home/lara/catkin_ws/build/sample_qt/CMakeFiles/CMakeTmp

Run Build Command:"/usr/bin/make" "cmTC_e5ea7/fast"
/usr/bin/make -f CMakeFiles/cmTC_e5ea7.dir/build.make CMakeFiles/cmTC_e5ea7.dir/build
make[1]: Entering directory '/home/lara/catkin_ws/build/sample_qt/CMakeFiles/CMakeTmp'
Building C object CMakeFiles/cmTC_e5ea7.dir/CheckSymbolExists.c.o
/usr/bin/cc     -o CMakeFiles/cmTC_e5ea7.dir/CheckSymbolExists.c.o   -c /home/lara/catkin_ws/build/sample_qt/CMakeFiles/CMakeTmp/CheckSymbolExists.c
Linking C executable cmTC_e5ea7
/usr/bin/cmake -E cmake_link_script CMakeFiles/cmTC_e5ea7.dir/link.txt --verbose=1
/usr/bin/cc       CMakeFiles/cmTC_e5ea7.dir/CheckSymbolExists.c.o  -o cmTC_e5ea7 -rdynamic 
CMakeFiles/cmTC_e5ea7.dir/CheckSymbolExists.c.o: In function `main':
CheckSymbolExists.c:(.text+0x16): undefined reference to `pthread_create'
collect2: error: ld returned 1 exit status
CMakeFiles/cmTC_e5ea7.dir/build.make:97: recipe for target 'cmTC_e5ea7' failed
make[1]: *** [cmTC_e5ea7] Error 1
make[1]: Leaving directory '/home/lara/catkin_ws/build/sample_qt/CMakeFiles/CMakeTmp'
Makefile:126: recipe for target 'cmTC_e5ea7/fast' failed
make: *** [cmTC_e5ea7/fast] Error 2

File /home/lara/catkin_ws/build/sample_qt/CMakeFiles/CMakeTmp/CheckSymbolExists.c:
/* */
#include <pthread.h>

int main(int argc, char** argv)
{
  (void)argv;
#ifndef pthread_create
  return ((int*)(&pthread_create))[argc];
#else
  (void)argc;
  return 0;
#endif
}

Determining if the function pthread_create exists in the pthreads failed with the following output:
Change Dir: /home/lara/catkin_ws/build/sample_qt/CMakeFiles/CMakeTmp

Run Build Command:"/usr/bin/make" "cmTC_3cd73/fast"
/usr/bin/make -f CMakeFiles/cmTC_3cd73.dir/build.make CMakeFiles/cmTC_3cd73.dir/build
make[1]: Entering directory '/home/lara/catkin_ws/build/sample_qt/CMakeFiles/CMakeTmp'
Building C object CMakeFiles/cmTC_3cd73.dir/CheckFunctionExists.c.o
/usr/bin/cc    -DCHECK_FUNCTION_EXISTS=pthread_create   -o CMakeFiles/cmTC_3cd73.dir/CheckFunctionExists.c.o   -c /usr/share/cmake-3.5/Modules/CheckFunctionExists.c
Linking C executable cmTC_3cd73
/usr/bin/cmake -E cmake_link_script CMakeFiles/cmTC_3cd73.dir/link.txt --verbose=1
/usr/bin/cc   -DCHECK_FUNCTION_EXISTS=pthread_create    CMakeFiles/cmTC_3cd73.dir/CheckFunctionExists.c.o  -o cmTC_3cd73 -rdynamic -lpthreads 
/usr/bin/ld: cannot find -lpthreads
collect2: error: ld returned 1 exit status
CMakeFiles/cmTC_3cd73.dir/build.make:97: recipe for target 'cmTC_3cd73' failed
make[1]: *** [cmTC_3cd73] Error 1
make[1]: Leaving directory '/home/lara/catkin_ws/build/sample_qt/CMakeFiles/CMakeTmp'
Makefile:126: recipe for target 'cmTC_3cd73/fast' failed
make: *** [cmTC_3cd73/fast] Error 2


Determining if the Q_WS_WIN exist failed with the following output:
Change Dir: /home/lara/catkin_ws/build/sample_qt/CMakeFiles/CMakeTmp

Run Build Command:"/usr/bin/make" "cmTC_f8f15/fast"
/usr/bin/make -f CMakeFiles/cmTC_f8f15.dir/build.make CMakeFiles/cmTC_f8f15.dir/build
make[1]: Entering directory '/home/lara/catkin_ws/build/sample_qt/CMakeFiles/CMakeTmp'
Building CXX object CMakeFiles/cmTC_f8f15.dir/CheckSymbolExists.cxx.o
/usr/bin/c++    -I/usr/include/qt4   -o CMakeFiles/cmTC_f8f15.dir/CheckSymbolExists.cxx.o -c /home/lara/catkin_ws/build/sample_qt/CMakeFiles/CMakeTmp/CheckSymbolExists.cxx
/home/lara/catkin_ws/build/sample_qt/CMakeFiles/CMakeTmp/CheckSymbolExists.cxx: In function ‘int main(int, char**)’:
/home/lara/catkin_ws/build/sample_qt/CMakeFiles/CMakeTmp/CheckSymbolExists.cxx:8:19: error: ‘Q_WS_WIN’ was not declared in this scope
   return ((int*)(&Q_WS_WIN))[argc];
                   ^
CMakeFiles/cmTC_f8f15.dir/build.make:65: recipe for target 'CMakeFiles/cmTC_f8f15.dir/CheckSymbolExists.cxx.o' failed
make[1]: *** [CMakeFiles/cmTC_f8f15.dir/CheckSymbolExists.cxx.o] Error 1
make[1]: Leaving directory '/home/lara/catkin_ws/build/sample_qt/CMakeFiles/CMakeTmp'
Makefile:126: recipe for target 'cmTC_f8f15/fast' failed
make: *** [cmTC_f8f15/fast] Error 2

File /home/lara/catkin_ws/build/sample_qt/CMakeFiles/CMakeTmp/CheckSymbolExists.cxx:
/* */
#include <QtCore/qglobal.h>

int main(int argc, char** argv)
{
  (void)argv;
#ifndef Q_WS_WIN
  return ((int*)(&Q_WS_WIN))[argc];
#else
  (void)argc;
  return 0;
#endif
}

Determining if the Q_WS_QWS exist failed with the following output:
Change Dir: /home/lara/catkin_ws/build/sample_qt/CMakeFiles/CMakeTmp

Run Build Command:"/usr/bin/make" "cmTC_aa9b6/fast"
/usr/bin/make -f CMakeFiles/cmTC_aa9b6.dir/build.make CMakeFiles/cmTC_aa9b6.dir/build
make[1]: Entering directory '/home/lara/catkin_ws/build/sample_qt/CMakeFiles/CMakeTmp'
Building CXX object CMakeFiles/cmTC_aa9b6.dir/CheckSymbolExists.cxx.o
/usr/bin/c++    -I/usr/include/qt4   -o CMakeFiles/cmTC_aa9b6.dir/CheckSymbolExists.cxx.o -c /home/lara/catkin_ws/build/sample_qt/CMakeFiles/CMakeTmp/CheckSymbolExists.cxx
/home/lara/catkin_ws/build/sample_qt/CMakeFiles/CMakeTmp/CheckSymbolExists.cxx: In function ‘int main(int, char**)’:
/home/lara/catkin_ws/build/sample_qt/CMakeFiles/CMakeTmp/CheckSymbolExists.cxx:8:19: error: ‘Q_WS_QWS’ was not declared in this scope
   return ((int*)(&Q_WS_QWS))[argc];
                   ^
CMakeFiles/cmTC_aa9b6.dir/build.make:65: recipe for target 'CMakeFiles/cmTC_aa9b6.dir/CheckSymbolExists.cxx.o' failed
make[1]: *** [CMakeFiles/cmTC_aa9b6.dir/CheckSymbolExists.cxx.o] Error 1
make[1]: Leaving directory '/home/lara/catkin_ws/build/sample_qt/CMakeFiles/CMakeTmp'
Makefile:126: recipe for target 'cmTC_aa9b6/fast' failed
make: *** [cmTC_aa9b6/fast] Error 2

File /home/lara/catkin_ws/build/sample_qt/CMakeFiles/CMakeTmp/CheckSymbolExists.cxx:
/* */
#include <QtCore/qglobal.h>

int main(int argc, char** argv)
{
  (void)argv;
#ifndef Q_WS_QWS
  return ((int*)(&Q_WS_QWS))[argc];
#else
  (void)argc;
  return 0;
#endif
}

Determining if the Q_WS_MAC exist failed with the following output:
Change Dir: /home/lara/catkin_ws/build/sample_qt/CMakeFiles/CMakeTmp

Run Build Command:"/usr/bin/make" "cmTC_ba07e/fast"
/usr/bin/make -f CMakeFiles/cmTC_ba07e.dir/build.make CMakeFiles/cmTC_ba07e.dir/build
make[1]: Entering directory '/home/lara/catkin_ws/build/sample_qt/CMakeFiles/CMakeTmp'
Building CXX object CMakeFiles/cmTC_ba07e.dir/CheckSymbolExists.cxx.o
/usr/bin/c++    -I/usr/include/qt4   -o CMakeFiles/cmTC_ba07e.dir/CheckSymbolExists.cxx.o -c /home/lara/catkin_ws/build/sample_qt/CMakeFiles/CMakeTmp/CheckSymbolExists.cxx
/home/lara/catkin_ws/build/sample_qt/CMakeFiles/CMakeTmp/CheckSymbolExists.cxx: In function ‘int main(int, char**)’:
/home/lara/catkin_ws/build/sample_qt/CMakeFiles/CMakeTmp/CheckSymbolExists.cxx:8:19: error: ‘Q_WS_MAC’ was not declared in this scope
   return ((int*)(&Q_WS_MAC))[argc];
                   ^
CMakeFiles/cmTC_ba07e.dir/build.make:65: recipe for target 'CMakeFiles/cmTC_ba07e.dir/CheckSymbolExists.cxx.o' failed
make[1]: *** [CMakeFiles/cmTC_ba07e.dir/CheckSymbolExists.cxx.o] Error 1
make[1]: Leaving directory '/home/lara/catkin_ws/build/sample_qt/CMakeFiles/CMakeTmp'
Makefile:126: recipe for target 'cmTC_ba07e/fast' failed
make: *** [cmTC_ba07e/fast] Error 2

File /home/lara/catkin_ws/build/sample_qt/CMakeFiles/CMakeTmp/CheckSymbolExists.cxx:
/* */
#include <QtCore/qglobal.h>

int main(int argc, char** argv)
{
  (void)argv;
#ifndef Q_WS_MAC
  return ((int*)(&Q_WS_MAC))[argc];
#else
  (void)argc;
  return 0;
#endif
}

